1A0 done
1A1 done
1A4 done
1AZ done
1B0 done
1B1 done
1B6 done
1C0 done
1D0 done
1D1 done
1D3 done
1D4 done
1D5 done
1E3 done
1F0 done
1F1 done
1F2 done
1F3 done
1G1 done
1G6 done
1H2 done
1H3 done
1H8 done
1J0 done
1J4 done
1J5 done
1J7 done
1M8W.SI: No timezone found, symbol may be delisted
1M8W done
1O0W.SI: No timezone found, symbol may be delisted
1O0W done
1Q8W.SI: No timezone found, symbol may be delisted
1Q8W done
1R6 done
1V3 done
1V5W.SI: No timezone found, symbol may be delisted
1V5W done
1X5W.SI: No timezone found, symbol may be delisted
1X5W done
1Y1 done
3UJS.SI: Period '1mo' is invalid, must be one of ['1d', '5d']
3UJS done
40B done
40E done
40F done
40N done
40T done
40V done
40W done
41B done
41F done
41H done
41O done
41T done
42C done
42D done
42E done
42F done
42L done
42N done
42R done
42S done
42T done
42U done
42W done
42Z done
43A done
43B done
43E done
43F done
43Q done
43SW.SI: No timezone found, symbol may be delisted
43SW done
44RW.SI: No timezone found, symbol may be delisted
44RW done
44TW.SI: No timezone found, symbol may be delisted
44TW done
45IW.SI: No timezone found, symbol may be delisted
45IW done
47GW.SI: No timezone found, symbol may be delisted
47GW done
49B done
500 done
504 done
505 done
508 done
510 done
528 done
532 done
533 done
540 done
541 done
543 done
544 done
546 done
554 done
558 done
564 done
566 done
569 done
56DW.SI: No timezone found, symbol may be delisted
56DW done
570 done
575 done
578 done
579 done
580 done
581 done
583 done
584 done
585 done
58UW.SI: No timezone found, symbol may be delisted
58UW done
594 done
595 done
596 done
5A1B.SI: No timezone found, symbol may be delisted
5A1B done
5AB done
5AE done
5AI done
5AL done
5AU done
5BI done
5BS done
5CF done
5CP done
5CR done
5CT done
5DD done
5DM done
5DN done
5DO done
5DP done
5DS done
5DX done
5EB done
5EC.SI: No timezone found, symbol may be delisted
5EC done
5EF done
5EG done
5EN done
5EV done
5EW done
5F4 done
5F7 done
5FL done
5FW done
5FX done
5G1 done
5G2 done
5G3 done
5G4 done
5G9 done
5GD done
5GI done
5GJ done
5GZ done
5HG done
5HH done
5HT done
5HV done
5I1 done
5I4 done
5IC done
5IE done
5IF done
5IG done
5JK done
5JS done
5KI done
5L7W.SI: No timezone found, symbol may be delisted
5L7W done
5LE done
5LY done
5MD done
5ML done
5MZ done
5NF done
5NV done
5O9W.SI: No timezone found, symbol may be delisted
5O9W done
5OC done
5OI done
5OQ done
5OR done
5OU done
5OX done
5PC done
5PD done
5PF done
5PO done
5QR done
5QT done
5QY done
5RA done
5RC done
5RE done
5RF done
5SO done
5SR done
5SY done
5TI done
5TJ done
5TP done
5TT done
5TY done
5UA done
5UF done
5UL done
5UN done
5UX done
5VC done
5VI done
5VJ done
5VP done
5VS done
5WA done
5WF done
5WG done
5WH done
5WJ done
5WV done
5XAW.SI: No timezone found, symbol may be delisted
5XAW done
600 done
6AZB.SI: No timezone found, symbol may be delisted
6AZB done
7QQS.SI: Period '1mo' is invalid, must be one of ['1d', '5d']
7QQS done
8A1 done
8AZ done
8K7 done
8L9W.SI: No timezone found, symbol may be delisted
8L9W done
8P1W.SI: No timezone found, symbol may be delisted
8P1W done
8R7W.SI: No timezone found, symbol may be delisted
8R7W done
8R9W.SI: No timezone found, symbol may be delisted
8R9W done
8U7U done
8Y2W.SI: No timezone found, symbol may be delisted
8Y2W done
8YIW.SI: No timezone found, symbol may be delisted
8YIW done
8YLS.SI: No timezone found, symbol may be delisted
8YLS done
8YY done
92FW.SI: No timezone found, symbol may be delisted
92FW done
92NW.SI: No timezone found, symbol may be delisted
92NW done
933W.SI: No timezone found, symbol may be delisted
933W done
96DW.SI: No timezone found, symbol may be delisted
96DW done
97XW.SI: No timezone found, symbol may be delisted
97XW done
99RW.SI: No timezone found, symbol may be delisted
99RW done
9CI done
9CXW.SI: No timezone found, symbol may be delisted
9CXW done
9D2W.SI: No timezone found, symbol may be delisted
9D2W done
9E9W.SI: No timezone found, symbol may be delisted
9E9W done
9ERW.SI: No timezone found, symbol may be delisted
9ERW done
9GBW.SI: No timezone found, symbol may be delisted
9GBW done
9GUW.SI: No timezone found, symbol may be delisted
9GUW done
9HHW.SI: No timezone found, symbol may be delisted
9HHW done
9HNW.SI: No timezone found, symbol may be delisted
9HNW done
9J2W.SI: No timezone found, symbol may be delisted
9J2W done
9JIW.SI: No timezone found, symbol may be delisted
9JIW done
9KPR.SI: Period '1mo' is invalid, must be one of ['1d', '5d']
9KPR done
9LEW.SI: No timezone found, symbol may be delisted
9LEW done
9MSW.SI: No timezone found, symbol may be delisted
9MSW done
9NDW.SI: No timezone found, symbol may be delisted
9NDW done
9PPW.SI: No timezone found, symbol may be delisted
9PPW done
9QEW.SI: No timezone found, symbol may be delisted
9QEW done
9QX done
9SAW.SI: No timezone found, symbol may be delisted
9SAW done
9VUW.SI: No timezone found, symbol may be delisted
9VUW done
9W2W.SI: No timezone found, symbol may be delisted
9W2W done
9WIW.SI: No timezone found, symbol may be delisted
9WIW done
9Y3W.SI: No timezone found, symbol may be delisted
9Y3W done
9YVW.SI: No timezone found, symbol may be delisted
9YVW done
9ZIW.SI: No timezone found, symbol may be delisted
9ZIW done
A04 done
A05 done
A17U done
A26 done
A30 done
A31 done
A33 done
A34 done
A35 done
A50 done
A52 done
A55 done
A78 done
A7RU done
A95W.SI: No timezone found, symbol may be delisted
A95W done
AAJ done
ACV done
ADN done
AFC done
AFUS.SI: Period '1mo' is invalid, must be one of ['1d', '5d']
AFUS done
AGS done
AIY done
AJ2 done
AJBU done
AOF done
AP4 done
AU8U done
AVM.SI: No data found, symbol may be delisted
AVM done
AVX done
AW9U done
AWC done
AWG done
AWI done
AWK done
AWM done
AWV done
AWX done
AWZ done
AXB done
AYN done
AYV done
AZA done
AZG done
AZR done
AZT done
B0Z done
B26 done
B28 done
B49 done
B58 done
B61 done
B69 done
B73 done
B9S done
BAC done
BAI done
BAZ done
BBP done
BBW done
BCD done
BCV done
BCY done
BCZ done
BDA done
BDR done
BDU done
BDX done
BEC done
BEH done
BEI done
BEW done
BEZ done
BFI done
BFK done
BFT done
BFU done
BGO done
BHD done
BHK done
BHU done
BIP done
BIX done
BJD done
BJGS.SI: Period '1mo' is invalid, must be one of ['1d', '5d']
BJGS done
BJHS.SI: Period '1mo' is invalid, must be one of ['1d', '5d']
BJHS done
BJIS.SI: Period '1mo' is invalid, must be one of ['1d', '5d']
BJIS done
BJV done
BJZ done
BKA done
BKK done
BKV done
BKW done
BKX done
BKZ done
BLA done
BLH done
BLR done
BLS done
BLU done
BLZ done
BMGU done
BMT done
BN2 done
BN4 done
BNE done
BPF done
BQC done
BQD done
BQF done
BQM done
BQN done
BQP done
BRD done
BRS done
BS6 done
BSL done
BTE done
BTF done
BTG done
BTJ done
BTM done
BTOU done
BTP done
BTWZ.SI: No timezone found, symbol may be delisted
BTWZ done
BTX done
BTY done
BUOU done
BVA done
BVQ done
BWCU done
BWM done
BXE done
BYI done
BYJ done
C04 done
C05 done
C06 done
C07 done
C09 done
C13 done
C2PU done
C33 done
C38U done
C41 done
C52 done
C6L done
C70 done
C76 done
C8R done
C9Q done
CC3 done
CDVZ.SI: Period '1mo' is invalid, must be one of ['1d', '5d']
CDVZ done
CDXW.SI: No data found, symbol may be delisted
CDXW done
CEDU done
CFA done
CGN done
CHJ done
CHZ done
CIN done
CJLU done
CJN done
CLN done
CLR done
CMGS.SI: Period '1mo' is invalid, must be one of ['1d', '5d']
CMGS done
CMOU done
CNE done
COI done
CRPU done
CTO done
CUEW.SI: No timezone found, symbol may be delisted
CUEW done
CUFW.SI: No timezone found, symbol may be delisted
CUFW done
CUGW.SI: No timezone found, symbol may be delisted
CUGW done
CUJW.SI: No timezone found, symbol may be delisted
CUJW done
CUMW.SI: No timezone found, symbol may be delisted
CUMW done
CUNW.SI: No timezone found, symbol may be delisted
CUNW done
CUPW.SI: No timezone found, symbol may be delisted
CUPW done
CUQW.SI: No timezone found, symbol may be delisted
CUQW done
CURW.SI: No timezone found, symbol may be delisted
CURW done
CUTW.SI: No timezone found, symbol may be delisted
CUTW done
CUXW.SI: No timezone found, symbol may be delisted
CUXW done
CVAW.SI: No timezone found, symbol may be delisted
CVAW done
CVDW.SI: No timezone found, symbol may be delisted
CVDW done
CVEW.SI: No timezone found, symbol may be delisted
CVEW done
CVFW.SI: No timezone found, symbol may be delisted
CVFW done
CVGW.SI: No timezone found, symbol may be delisted
CVGW done
CVIW.SI: No timezone found, symbol may be delisted
CVIW done
CVJW.SI: No timezone found, symbol may be delisted
CVJW done
CVKW.SI: No timezone found, symbol may be delisted
CVKW done
CVMW.SI: No timezone found, symbol may be delisted
CVMW done
CVRW.SI: No timezone found, symbol may be delisted
CVRW done
CVYW.SI: No timezone found, symbol may be delisted
CVYW done
CWBU done
CWCU done
CWFW.SI: No timezone found, symbol may be delisted
CWFW done
CWGW.SI: No timezone found, symbol may be delisted
CWGW done
CWHW.SI: No timezone found, symbol may be delisted
CWHW done
CWIW.SI: No timezone found, symbol may be delisted
CWIW done
CWKW.SI: No timezone found, symbol may be delisted
CWKW done
CWLW.SI: No timezone found, symbol may be delisted
CWLW done
CWMW.SI: No timezone found, symbol may be delisted
CWMW done
CWPW.SI: No timezone found, symbol may be delisted
CWPW done
CWQW.SI: No timezone found, symbol may be delisted
CWQW done
CWRW.SI: No timezone found, symbol may be delisted
CWRW done
CWUW.SI: No timezone found, symbol may be delisted
CWUW done
CWXW.SI: No timezone found, symbol may be delisted
CWXW done
CXBW.SI: No timezone found, symbol may be delisted
CXBW done
CXCW.SI: No timezone found, symbol may be delisted
CXCW done
CXEW.SI: No timezone found, symbol may be delisted
CXEW done
CXGW.SI: No timezone found, symbol may be delisted
CXGW done
CXIW.SI: No timezone found, symbol may be delisted
CXIW done
CXJW.SI: No timezone found, symbol may be delisted
CXJW done
CXKW.SI: No timezone found, symbol may be delisted
CXKW done
CXLW.SI: No timezone found, symbol may be delisted
CXLW done
CXMW.SI: No timezone found, symbol may be delisted
CXMW done
CXPW.SI: No timezone found, symbol may be delisted
CXPW done
CXS done
CXU done
CXVW.SI: No timezone found, symbol may be delisted
CXVW done
CXXW.SI: No timezone found, symbol may be delisted
CXXW done
CXZW.SI: No timezone found, symbol may be delisted
CXZW done
CY6U done
CYAW.SI: No timezone found, symbol may be delisted
CYAW done
CYB done
CYC done
CYDW.SI: No timezone found, symbol may be delisted
CYDW done
CYEW.SI: No timezone found, symbol may be delisted
CYEW done
CYGW.SI: No timezone found, symbol may be delisted
CYGW done
CYIW.SI: No timezone found, symbol may be delisted
CYIW done
CYJW.SI: No timezone found, symbol may be delisted
CYJW done
CYMW.SI: No timezone found, symbol may be delisted
CYMW done
CYNW.SI: No timezone found, symbol may be delisted
CYNW done
CYOW.SI: No timezone found, symbol may be delisted
CYOW done
CYPW.SI: No timezone found, symbol may be delisted
CYPW done
CYSW.SI: No timezone found, symbol may be delisted
CYSW done
CYW done
CYX done
CYZW.SI: No timezone found, symbol may be delisted
CYZW done
CZEW.SI: No timezone found, symbol may be delisted
CZEW done
CZFW.SI: No timezone found, symbol may be delisted
CZFW done
CZGW.SI: No timezone found, symbol may be delisted
CZGW done
CZHW.SI: No timezone found, symbol may be delisted
CZHW done
CZIW.SI: No timezone found, symbol may be delisted
CZIW done
CZJW.SI: No timezone found, symbol may be delisted
CZJW done
CZLW.SI: No timezone found, symbol may be delisted
CZLW done
CZMW.SI: No timezone found, symbol may be delisted
CZMW done
CZNW.SI: No timezone found, symbol may be delisted
CZNW done
CZOW.SI: No timezone found, symbol may be delisted
CZOW done
CZRW.SI: No timezone found, symbol may be delisted
CZRW done
CZZW.SI: No timezone found, symbol may be delisted
CZZW done
D01 done
D03 done
D05 done
D07 done
D5IU done
D8DU done
DAIW.SI: No timezone found, symbol may be delisted
DAIW done
DAKW.SI: No timezone found, symbol may be delisted
DAKW done
DAMW.SI: No timezone found, symbol may be delisted
DAMW done
DBIW.SI: No timezone found, symbol may be delisted
DBIW done
DBPW.SI: No timezone found, symbol may be delisted
DBPW done
DCGW.SI: No timezone found, symbol may be delisted
DCGW done
DCQW.SI: No timezone found, symbol may be delisted
DCQW done
DCRU done
DCUW.SI: No timezone found, symbol may be delisted
DCUW done
DCVW.SI: No timezone found, symbol may be delisted
DCVW done
DCXW.SI: No timezone found, symbol may be delisted
DCXW done
DCZW.SI: No timezone found, symbol may be delisted
DCZW done
DDPW.SI: No timezone found, symbol may be delisted
DDPW done
DDSW.SI: No timezone found, symbol may be delisted
DDSW done
DEEW.SI: No timezone found, symbol may be delisted
DEEW done
DEFW.SI: No timezone found, symbol may be delisted
DEFW done
DELW.SI: No timezone found, symbol may be delisted
DELW done
DENW.SI: No timezone found, symbol may be delisted
DENW done
DEOW.SI: No timezone found, symbol may be delisted
DEOW done
DEPW.SI: No timezone found, symbol may be delisted
DEPW done
DEQW.SI: No timezone found, symbol may be delisted
DEQW done
DETW.SI: No timezone found, symbol may be delisted
DETW done
DEVW.SI: No timezone found, symbol may be delisted
DEVW done
DEWW.SI: No timezone found, symbol may be delisted
DEWW done
DFIW.SI: No timezone found, symbol may be delisted
DFIW done
DFKW.SI: No timezone found, symbol may be delisted
DFKW done
DFRW.SI: No timezone found, symbol may be delisted
DFRW done
DFTW.SI: No timezone found, symbol may be delisted
DFTW done
DFUW.SI: No timezone found, symbol may be delisted
DFUW done
DFWW.SI: No timezone found, symbol may be delisted
DFWW done
DFXW.SI: No timezone found, symbol may be delisted
DFXW done
DFZW.SI: No timezone found, symbol may be delisted
DFZW done
DGJW.SI: No timezone found, symbol may be delisted
DGJW done
Failed to get ticker 'DGKW.SI' reason: ("Connection broken: InvalidChunkLength(got length b'', 0 bytes read)", InvalidChunkLength(got length b'', 0 bytes read))
DGKW.SI: No timezone found, symbol may be delisted
DGKW done
DGMW.SI: No timezone found, symbol may be delisted
DGMW done
DGWW.SI: No timezone found, symbol may be delisted
DGWW done
DGYW.SI: No timezone found, symbol may be delisted
DGYW done
DHHW.SI: No timezone found, symbol may be delisted
DHHW done
DHLU done
DHNW.SI: No timezone found, symbol may be delisted
DHNW done
DHQW.SI: No timezone found, symbol may be delisted
DHQW done
DHWW.SI: No timezone found, symbol may be delisted
DHWW done
DHXW.SI: No timezone found, symbol may be delisted
DHXW done
DIFW.SI: No timezone found, symbol may be delisted
DIFW done
DIGW.SI: No timezone found, symbol may be delisted
DIGW done
DIKW.SI: No timezone found, symbol may be delisted
DIKW done
DIMW.SI: No timezone found, symbol may be delisted
DIMW done
DIOW.SI: No timezone found, symbol may be delisted
DIOW done
DIPW.SI: No timezone found, symbol may be delisted
DIPW done
DISW.SI: No timezone found, symbol may be delisted
DISW done
DJLW.SI: No timezone found, symbol may be delisted
DJLW done
DJPW.SI: No timezone found, symbol may be delisted
DJPW done
DJSW.SI: No timezone found, symbol may be delisted
DJSW done
DJVW.SI: No timezone found, symbol may be delisted
DJVW done
DJYW.SI: No timezone found, symbol may be delisted
DJYW done
DJZW.SI: No timezone found, symbol may be delisted
DJZW done
DKAW.SI: No timezone found, symbol may be delisted
DKAW done
DKBW.SI: No timezone found, symbol may be delisted
DKBW done
DKOW.SI: No timezone found, symbol may be delisted
DKOW done
DKPW.SI: No timezone found, symbol may be delisted
DKPW done
DKQW.SI: No timezone found, symbol may be delisted
DKQW done
DKRW.SI: No timezone found, symbol may be delisted
DKRW done
DKVW.SI: No timezone found, symbol may be delisted
DKVW done
DKZW.SI: No timezone found, symbol may be delisted
DKZW done
DLDW.SI: No timezone found, symbol may be delisted
DLDW done
DLHW.SI: No timezone found, symbol may be delisted
DLHW done
DLTW.SI: No timezone found, symbol may be delisted
DLTW done
DLZW.SI: No timezone found, symbol may be delisted
DLZW done
DM0 done
DMFW.SI: No timezone found, symbol may be delisted
DMFW done
DNWW.SI: No timezone found, symbol may be delisted
DNWW done
DOCW.SI: No timezone found, symbol may be delisted
DOCW done
DOGW.SI: No timezone found, symbol may be delisted
DOGW done
DPBW.SI: No timezone found, symbol may be delisted
DPBW done
DPGW.SI: No timezone found, symbol may be delisted
DPGW done
DPNW.SI: No timezone found, symbol may be delisted
DPNW done
DPPW.SI: No timezone found, symbol may be delisted
DPPW done
DPRW.SI: No timezone found, symbol may be delisted
DPRW done
DPTW.SI: No timezone found, symbol may be delisted
DPTW done
DPZW.SI: No timezone found, symbol may be delisted
DPZW done
DQCW.SI: No timezone found, symbol may be delisted
DQCW done
DQGW.SI: No timezone found, symbol may be delisted
DQGW done
DQKW.SI: No timezone found, symbol may be delisted
DQKW done
DQUW.SI: No timezone found, symbol may be delisted
DQUW done
DQVW.SI: No timezone found, symbol may be delisted
DQVW done
DQXW.SI: No timezone found, symbol may be delisted
DQXW done
DQYW.SI: No timezone found, symbol may be delisted
DQYW done
DQZW.SI: No timezone found, symbol may be delisted
DQZW done
DRBW.SI: No timezone found, symbol may be delisted
DRBW done
DRHW.SI: No timezone found, symbol may be delisted
DRHW done
DRJW.SI: No timezone found, symbol may be delisted
DRJW done
DRKW.SI: No timezone found, symbol may be delisted
DRKW done
DROW.SI: No timezone found, symbol may be delisted
DROW done
DRPW.SI: No timezone found, symbol may be delisted
DRPW done
DRQW.SI: No timezone found, symbol may be delisted
DRQW done
DRRW.SI: No timezone found, symbol may be delisted
DRRW done
DRSW.SI: No timezone found, symbol may be delisted
DRSW done
DRVW.SI: No timezone found, symbol may be delisted
DRVW done
DRX done
DRZW.SI: No timezone found, symbol may be delisted
DRZW done
DSMW.SI: No timezone found, symbol may be delisted
DSMW done
DSQW.SI: No timezone found, symbol may be delisted
DSQW done
DSRW.SI: No timezone found, symbol may be delisted
DSRW done
DSWW.SI: No timezone found, symbol may be delisted
DSWW done
DSZW.SI: No timezone found, symbol may be delisted
DSZW done
DTIW.SI: No timezone found, symbol may be delisted
DTIW done
DTMW.SI: No timezone found, symbol may be delisted
DTMW done
DU4 done
DUHW.SI: No timezone found, symbol may be delisted
DUHW done
DUKW.SI: No timezone found, symbol may be delisted
DUKW done
DUMW.SI: No timezone found, symbol may be delisted
DUMW done
DUNW.SI: No timezone found, symbol may be delisted
DUNW done
DUPW.SI: No timezone found, symbol may be delisted
DUPW done
DURW.SI: No timezone found, symbol may be delisted
DURW done
DUTW.SI: No timezone found, symbol may be delisted
DUTW done
DUWW.SI: No timezone found, symbol may be delisted
DUWW done
DUXW.SI: No timezone found, symbol may be delisted
DUXW done
DUYW.SI: No timezone found, symbol may be delisted
DUYW done
DVAW.SI: No timezone found, symbol may be delisted
DVAW done
DVFW.SI: No timezone found, symbol may be delisted
DVFW done
DVKW.SI: No timezone found, symbol may be delisted
DVKW done
DVLW.SI: No timezone found, symbol may be delisted
DVLW done
DVMW.SI: No timezone found, symbol may be delisted
DVMW done
DVNW.SI: No timezone found, symbol may be delisted
DVNW done
DVSW.SI: No timezone found, symbol may be delisted
DVSW done
DVWW.SI: No timezone found, symbol may be delisted
DVWW done
DVXW.SI: No timezone found, symbol may be delisted
DVXW done
DVZW.SI: No timezone found, symbol may be delisted
DVZW done
DWCW.SI: No timezone found, symbol may be delisted
DWCW done
DWEW.SI: No timezone found, symbol may be delisted
DWEW done
DWFW.SI: No timezone found, symbol may be delisted
DWFW done
DWGW.SI: No timezone found, symbol may be delisted
DWGW done
DWIW.SI: No timezone found, symbol may be delisted
DWIW done
DWMW.SI: No timezone found, symbol may be delisted
DWMW done
DWOW.SI: No timezone found, symbol may be delisted
DWOW done
DWYW.SI: No timezone found, symbol may be delisted
DWYW done
DXOW.SI: No timezone found, symbol may be delisted
DXOW done
DXQW.SI: No timezone found, symbol may be delisted
DXQW done
DXVW.SI: No timezone found, symbol may be delisted
DXVW done
DYEW.SI: No timezone found, symbol may be delisted
DYEW done
DYFW.SI: No timezone found, symbol may be delisted
DYFW done
DYGW.SI: No timezone found, symbol may be delisted
DYGW done
DYHW.SI: No timezone found, symbol may be delisted
DYHW done
DYIW.SI: No timezone found, symbol may be delisted
DYIW done
DYLW.SI: No timezone found, symbol may be delisted
DYLW done
DYNW.SI: No timezone found, symbol may be delisted
DYNW done
DYSW.SI: No timezone found, symbol may be delisted
DYSW done
DYTW.SI: No timezone found, symbol may be delisted
DYTW done
DYWW.SI: No timezone found, symbol may be delisted
DYWW done
DYYW.SI: No timezone found, symbol may be delisted
DYYW done
DZSW.SI: No timezone found, symbol may be delisted
DZSW done
DZTW.SI: No timezone found, symbol may be delisted
DZTW done
DZUW.SI: No timezone found, symbol may be delisted
DZUW done
DZVW.SI: No timezone found, symbol may be delisted
DZVW done
E27 done
E28 done
E3B done
E5H done
E6R done
E9L done
EAPS.SI: No timezone found, symbol may be delisted
EAPS done
EB5 done
EB7 done
EBEW.SI: No timezone found, symbol may be delisted
EBEW done
EBSW.SI: No timezone found, symbol may be delisted
EBSW done
ECAW.SI: No timezone found, symbol may be delisted
ECAW done
ECSW.SI: No timezone found, symbol may be delisted
ECSW done
EEHW.SI: No timezone found, symbol may be delisted
EEHW done
EG0 done
EH5 done
EHG done
EHNW.SI: No timezone found, symbol may be delisted
EHNW done
EHPW.SI: No timezone found, symbol may be delisted
EHPW done
EHUW.SI: No timezone found, symbol may be delisted
EHUW done
EHZB.SI: No timezone found, symbol may be delisted
EHZB done
EJUS.SI: No timezone found, symbol may be delisted
EJUS done
ELQW.SI: No timezone found, symbol may be delisted
ELQW done
EMI done
ENV done
EOIW.SI: No timezone found, symbol may be delisted
EOIW done
EPVW.SI: No timezone found, symbol may be delisted
EPVW done
ER0 done
ES3 done
ESFW.SI: No timezone found, symbol may be delisted
ESFW done
ESG done
ESU done
EVD done
EVMW.SI: No timezone found, symbol may be delisted
EVMW done
EVS done
EXFW.SI: No timezone found, symbol may be delisted
EXFW done
EXWW.SI: No timezone found, symbol may be delisted
EXWW done
EYBW.SI: No timezone found, symbol may be delisted
EYBW done
EYFW.SI: No timezone found, symbol may be delisted
EYFW done
EZUW.SI: No timezone found, symbol may be delisted
EZUW done
F03 done
F10 done
F13 done
F17 done
F1E done
F34 done
F83 done
F86 done
F99 done
F9D done
FBXW.SI: No timezone found, symbol may be delisted
FBXW done
FDDW.SI: No timezone found, symbol may be delisted
FDDW done
FDWW.SI: No timezone found, symbol may be delisted
FDWW done
FFAW.SI: No timezone found, symbol may be delisted
FFAW done
FGIW.SI: No timezone found, symbol may be delisted
FGIW done
FIMW.SI: No timezone found, symbol may be delisted
FIMW done
FIOW.SI: No timezone found, symbol may be delisted
FIOW done
FKBW.SI: No timezone found, symbol may be delisted
FKBW done
FOFW.SI: No timezone found, symbol may be delisted
FOFW done
FPKW.SI: No timezone found, symbol may be delisted
FPKW done
FQ7 done
FRGW.SI: No timezone found, symbol may be delisted
FRGW done
FRLW.SI: No timezone found, symbol may be delisted
FRLW done
FRQ done
FTMW.SI: No timezone found, symbol may be delisted
FTMW done
FWQW.SI: No timezone found, symbol may be delisted
FWQW done
FXRW.SI: No timezone found, symbol may be delisted
FXRW done
G07 done
G0I done
G13 done
G1N done
G20 done
G3B done
G50 done
G92 done
GDVW.SI: No timezone found, symbol may be delisted
GDVW done
GHCW.SI: No timezone found, symbol may be delisted
GHCW done
GPSW.SI: No timezone found, symbol may be delisted
GPSW done
GQYW.SI: No timezone found, symbol may be delisted
GQYW done
GRE done
GRN done
GRO done
GRQ done
GRU done
GRVW.SI: No timezone found, symbol may be delisted
GRVW done
GSD done
GSPW.SI: No timezone found, symbol may be delisted
GSPW done
GTRW.SI: No timezone found, symbol may be delisted
GTRW done
GU5 done
GUDW.SI: No timezone found, symbol may be delisted
GUDW done
GUTW.SI: No timezone found, symbol may be delisted
GUTW done
GUVW.SI: No timezone found, symbol may be delisted
GUVW done
GZTW.SI: No timezone found, symbol may be delisted
GZTW done
H02 done
H07 done
H12 done
H13 done
H15 done
H18 done
H1N done
H20 done
H22 done
H30 done
H78 done
HAOW.SI: No timezone found, symbol may be delisted
HAOW done
HBWW.SI: No timezone found, symbol may be delisted
HBWW done
HBYW.SI: No timezone found, symbol may be delisted
HBYW done
HCLW.SI: No timezone found, symbol may be delisted
HCLW done
HCTW.SI: No timezone found, symbol may be delisted
HCTW done
HD9 done
HDTW.SI: No timezone found, symbol may be delisted
HDTW done
HFQW.SI: No timezone found, symbol may be delisted
HFQW done
HGOW.SI: No timezone found, symbol may be delisted
HGOW done
HHHW.SI: No timezone found, symbol may be delisted
HHHW done
HIEW.SI: No timezone found, symbol may be delisted
HIEW done
HKB done
HKCW.SI: No timezone found, symbol may be delisted
HKCW done
HLKW.SI: No timezone found, symbol may be delisted
HLKW done
HMN done
HNVW.SI: No timezone found, symbol may be delisted
HNVW done
HOHW.SI: No timezone found, symbol may be delisted
HOHW done
HQLW.SI: No timezone found, symbol may be delisted
HQLW done
HQU done
HQWW.SI: No timezone found, symbol may be delisted
HQWW done
HSKW.SI: No timezone found, symbol may be delisted
HSKW done
HSS done
HST done
HUTW.SI: No timezone found, symbol may be delisted
HUTW done
HYGW.SI: No timezone found, symbol may be delisted
HYGW done
I98 done
ICM done
ICU done
IDBW.SI: No timezone found, symbol may be delisted
IDBW done
IFAW.SI: No timezone found, symbol may be delisted
IFAW done
IFDW.SI: No timezone found, symbol may be delisted
IFDW done
IFHW.SI: No timezone found, symbol may be delisted
IFHW done
IFUW.SI: No timezone found, symbol may be delisted
IFUW done
IHHW.SI: No timezone found, symbol may be delisted
IHHW done
IHSW.SI: No timezone found, symbol may be delisted
IHSW done
IIIW.SI: No timezone found, symbol may be delisted
IIIW done
ILKW.SI: No timezone found, symbol may be delisted
ILKW done
IMWW.SI: No timezone found, symbol may be delisted
IMWW done
IOCW.SI: No timezone found, symbol may be delisted
IOCW done
IOKW.SI: No timezone found, symbol may be delisted
IOKW done
IQQW.SI: No timezone found, symbol may be delisted
IQQW done
ISFW.SI: No timezone found, symbol may be delisted
ISFW done
ISPW.SI: No timezone found, symbol may be delisted
ISPW done
ISTW.SI: No timezone found, symbol may be delisted
ISTW done
ITQW.SI: No timezone found, symbol may be delisted
ITQW done
ITRW.SI: No timezone found, symbol may be delisted
ITRW done
ITXW.SI: No timezone found, symbol may be delisted
ITXW done
IW5 done
IX2 done
IYBW.SI: No timezone found, symbol may be delisted
IYBW done
IZGW.SI: No timezone found, symbol may be delisted
IZGW done
J03 done
J2T done
J36 done
J69U done
J85 done
J91U done
JAFW.SI: No timezone found, symbol may be delisted
JAFW done
JDLW.SI: No timezone found, symbol may be delisted
JDLW done
JEGW.SI: No timezone found, symbol may be delisted
JEGW done
JFSW.SI: No timezone found, symbol may be delisted
JFSW done
JGQW.SI: No timezone found, symbol may be delisted
JGQW done
JHXW.SI: No timezone found, symbol may be delisted
JHXW done
JK8 done
JLB done
JLXW.SI: No timezone found, symbol may be delisted
JLXW done
JMBW.SI: No timezone found, symbol may be delisted
JMBW done
JMFW.SI: No timezone found, symbol may be delisted
JMFW done
JQAW.SI: No timezone found, symbol may be delisted
JQAW done
JRTW.SI: No timezone found, symbol may be delisted
JRTW done
JUIW.SI: No timezone found, symbol may be delisted
JUIW done
JVEW.SI: No timezone found, symbol may be delisted
JVEW done
JYEU done
JYOW.SI: No timezone found, symbol may be delisted
JYOW done
K03 done
K29 done
K3MD done
K3RD done
K3SD done
K6S done
K71U done
K75 done
KBDW.SI: No timezone found, symbol may be delisted
KBDW done
KEQW.SI: No timezone found, symbol may be delisted
KEQW done
KGRW.SI: No timezone found, symbol may be delisted
KGRW done
KHWW.SI: No timezone found, symbol may be delisted
KHWW done
KJ5 done
KJ7 done
KJZW.SI: No timezone found, symbol may be delisted
KJZW done
KNXW.SI: No timezone found, symbol may be delisted
KNXW done
KUH done
KUO done
KUX done
KV4 done
L02 done
L09 done
L19 done
L23 done
L38 done
L5I.SI: No data found, symbol may be delisted
L5I done
LAXW.SI: No timezone found, symbol may be delisted
LAXW done
LBPW.SI: No timezone found, symbol may be delisted
LBPW done
LBXW.SI: No timezone found, symbol may be delisted
LBXW done
LCS done
LCU done
LDGW.SI: No timezone found, symbol may be delisted
LDGW done
LG9 done
LIW done
LJ3 done
LLYW.SI: No timezone found, symbol may be delisted
LLYW done
LMKW.SI: No timezone found, symbol may be delisted
LMKW done
LMOW.SI: No timezone found, symbol may be delisted
LMOW done
LMS done
LQRW.SI: No timezone found, symbol may be delisted
LQRW done
LRBW.SI: No timezone found, symbol may be delisted
LRBW done
LS9 done
LSHS.SI: No timezone found, symbol may be delisted
LSHS done
LSS done
LSU done
LUY done
LVR done
LXDW.SI: No timezone found, symbol may be delisted
LXDW done
LYRW.SI: No timezone found, symbol may be delisted
LYRW done
LYY done
M01 done
M03 done
M04 done
M05 done
M11 done
M14 done
M15 done
M1GU done
M1Z done
M44U done
M62 done
MBH done
MCZW.SI: No timezone found, symbol may be delisted
MCZW done
ME8U done
MEAW.SI: No timezone found, symbol may be delisted
MEAW done
MF6 done
MGCW.SI: No timezone found, symbol may be delisted
MGCW done
MIJ done
MJHW.SI: No timezone found, symbol may be delisted
MJHW done
MMS done
MMT done
MNCW.SI: No timezone found, symbol may be delisted
MNCW done
MNSW.SI: No timezone found, symbol may be delisted
MNSW done
MOFB.SI: No timezone found, symbol may be delisted
MOFB done
MPQW.SI: No timezone found, symbol may be delisted
MPQW done
MR7 done
MT1 done
MV4 done
MVKW.SI: No timezone found, symbol may be delisted
MVKW done
MVLW.SI: No timezone found, symbol may be delisted
MVLW done
MXNU done
MYLB.SI: No timezone found, symbol may be delisted
MYLB done
MZH done
N01 done
N02 done
N08 done
N0Z done
N2H done
N2IU done
N32 done
N33 done
N4E done
N5YD done
N6DD done
N6FD.SI: No timezone found, symbol may be delisted
N6FD done
N6M done
NBAW.SI: No timezone found, symbol may be delisted
NBAW done
NC2 done
NCAW.SI: No timezone found, symbol may be delisted
NCAW done
NCMW.SI: No timezone found, symbol may be delisted
NCMW done
NCXW.SI: No timezone found, symbol may be delisted
NCXW done
NCYW.SI: No timezone found, symbol may be delisted
NCYW done
NEAW.SI: No timezone found, symbol may be delisted
NEAW done
NEX done
NFCW.SI: No timezone found, symbol may be delisted
NFCW done
NHD done
NIO done
NLC done
NLPW.SI: No timezone found, symbol may be delisted
NLPW done
NMCW.SI: No timezone found, symbol may be delisted
NMCW done
NO4 done
NOMW.SI: No timezone found, symbol may be delisted
NOMW done
NOYW.SI: No timezone found, symbol may be delisted
NOYW done
NPL done
NPNW.SI: No timezone found, symbol may be delisted
NPNW done
NPW done
NQEW.SI: No timezone found, symbol may be delisted
NQEW done
NR7 done
NRGW.SI: No timezone found, symbol may be delisted
NRGW done
NRQW.SI: No timezone found, symbol may be delisted
NRQW done
NS8U done
NTA done
NTSW.SI: No timezone found, symbol may be delisted
NTSW done
NUIW.SI: No timezone found, symbol may be delisted
NUIW done
NVLW.SI: No timezone found, symbol may be delisted
NVLW done
NWDW.SI: No timezone found, symbol may be delisted
NWDW done
NXR done
NYNW.SI: No timezone found, symbol may be delisted
NYNW done
O08 done
O10 done
O39 done
O5RU done
O6Z.SI: No timezone found, symbol may be delisted
O6Z done
O87 done
O9A done
O9E done
O9P done
OAAW.SI: No timezone found, symbol may be delisted
OAAW done
OAJ done
ODBU done
OEWW.SI: No timezone found, symbol may be delisted
OEWW done
OFBW.SI: No timezone found, symbol may be delisted
OFBW done
OGNW.SI: No timezone found, symbol may be delisted
OGNW done
OL9S.SI: Period '1mo' is invalid, must be one of ['1d', '5d']
OL9S done
OMK done
OMYW.SI: No timezone found, symbol may be delisted
OMYW done
ONLW.SI: No timezone found, symbol may be delisted
ONLW done
OOPW.SI: No timezone found, symbol may be delisted
OOPW done
OOSW.SI: No timezone found, symbol may be delisted
OOSW done
OTS done
OTX done
OU8 done
OUQW.SI: No timezone found, symbol may be delisted
OUQW done
OV8 done
OVQ done
OVVW.SI: No timezone found, symbol may be delisted
OVVW done
OXAW.SI: No timezone found, symbol may be delisted
OXAW done
OXMU done
OXUW.SI: No timezone found, symbol may be delisted
OXUW done
OYY done
OZDW.SI: No timezone found, symbol may be delisted
OZDW done
P11.SI: No timezone found, symbol may be delisted
P11 done
P15 done
P34 done
P36 done
P40U done
P52 done
P5P done
P74 done
P7VU done
P8A done
P8Z done
P9D done
PA3 done
PAIW.SI: No timezone found, symbol may be delisted
PAIW done
PBSW.SI: No timezone found, symbol may be delisted
PBSW done
PCYW.SI: No timezone found, symbol may be delisted
PCYW done
PGEW.SI: No timezone found, symbol may be delisted
PGEW done
PGS done
PH0 done
PH1S.SI: Period '1mo' is invalid, must be one of ['1d', '5d']
PH1S done
PHHW.SI: No timezone found, symbol may be delisted
PHHW done
PISW.SI: No timezone found, symbol may be delisted
PISW done
PMGW.SI: No timezone found, symbol may be delisted
PMGW done
POQW.SI: No timezone found, symbol may be delisted
POQW done
POTW.SI: No timezone found, symbol may be delisted
POTW done
PPC done
PQKW.SI: No timezone found, symbol may be delisted
PQKW done
PRH done
PU6D done
PXRW.SI: No timezone found, symbol may be delisted
PXRW done
PYLW.SI: No timezone found, symbol may be delisted
PYLW done
PZWW.SI: No timezone found, symbol may be delisted
PZWW done
Q01 done
Q0F done
Q0X done
Q5T done
QAIW.SI: No timezone found, symbol may be delisted
QAIW done
QC7 done
QDSW.SI: No timezone found, symbol may be delisted
QDSW done
QES done
QFHW.SI: No timezone found, symbol may be delisted
QFHW done
QFYW.SI: No timezone found, symbol may be delisted
QFYW done
QGGW.SI: No timezone found, symbol may be delisted
QGGW done
QJDW.SI: No timezone found, symbol may be delisted
QJDW done
QK9 done
QL2 done
QL3 done
QNHW.SI: No timezone found, symbol may be delisted
QNHW done
QNS done
QPCW.SI: No timezone found, symbol may be delisted
QPCW done
QQQW.SI: No timezone found, symbol may be delisted
QQQW done
QR9 done
QS0 done
QS9 done
QSD done
QTTW.SI: No timezone found, symbol may be delisted
QTTW done
QXPW.SI: No timezone found, symbol may be delisted
QXPW done
QZG done
QZKW.SI: No timezone found, symbol may be delisted
QZKW done
R14 done
R1NS.SI: Period '1mo' is invalid, must be one of ['1d', '5d']
R1NS done
R28W.SI: No timezone found, symbol may be delisted
R28W done
R54R.SI: Period '1mo' is invalid, must be one of ['1d', '5d']
R54R done
R85W.SI: No timezone found, symbol may be delisted
R85W done
RAYW.SI: No timezone found, symbol may be delisted
RAYW done
RC5 done
RCU done
RDR done
RE4 done
REHW.SI: No timezone found, symbol may be delisted
REHW done
RF1U.SI: No data found, symbol may be delisted
RF1U done
RFVW.SI: No timezone found, symbol may be delisted
RFVW done
RGCW.SI: No timezone found, symbol may be delisted
RGCW done
RGMW.SI: No timezone found, symbol may be delisted
RGMW done
RHBW.SI: No timezone found, symbol may be delisted
RHBW done
RJRW.SI: No timezone found, symbol may be delisted
RJRW done
RMFW.SI: No timezone found, symbol may be delisted
RMFW done
RMLW.SI: No timezone found, symbol may be delisted
RMLW done
RNXW.SI: No timezone found, symbol may be delisted
RNXW done
RQ1 done
RQGW.SI: No timezone found, symbol may be delisted
RQGW done
RRQW.SI: No timezone found, symbol may be delisted
RRQW done
RS1 done
RUZW.SI: No timezone found, symbol may be delisted
RUZW done
RXS done
RXUW.SI: No timezone found, symbol may be delisted
RXUW done
RYQW.SI: No timezone found, symbol may be delisted
RYQW done
S07 done
S08 done
S19 done
S20 done
S23 done
S27 done
S29 done
S2D done
S35 done
S3N done
S41 done
S44 done
S45U.SI: No price data found, symbol may be delisted (1d 2000-01-01 -> 2024-01-31)
S45U done
S51 done
S56 done
S58 done
S59 done
S61 done
S63 done
S68 done
S69 done
S71 done
S7OU done
S7P done
S85 done
S9B done
SCY done
SEJ done
SES done
SFWW.SI: No timezone found, symbol may be delisted
SFWW done
SGEW.SI: No timezone found, symbol may be delisted
SGEW done
SGR done
SHD done
SHWW.SI: No timezone found, symbol may be delisted
SHWW done
SJY done
SK3 done
SK6U done
SLVW.SI: No timezone found, symbol may be delisted
SLVW done
SMIW.SI: No timezone found, symbol may be delisted
SMIW done
SNEW.SI: No timezone found, symbol may be delisted
SNEW done
SNSW.SI: No timezone found, symbol may be delisted
SNSW done
SNVW.SI: No timezone found, symbol may be delisted
SNVW done
SO7.SI: Period '1mo' is invalid, must be one of ['1d', '5d']
SO7 done
SPXW.SI: No timezone found, symbol may be delisted
SPXW done
SQ1B.SI: No timezone found, symbol may be delisted
SQ1B done
SQQ done
SQU done
SRT done
SRU done
SSKW.SI: No timezone found, symbol may be delisted
SSKW done
SSS done
SSU done
STC done
STG done
SYBW.SI: No timezone found, symbol may be delisted
SYBW done
SYYW.SI: No timezone found, symbol may be delisted
SYYW done
T09 done
T12 done
T13 done
T14 done
T15 done
T24 done
T41 done
T43 done
T4B done
T55 done
T6I done
T82U done
T8FS.SI: Period '1mo' is invalid, must be one of ['1d', '5d']
T8FS done
TATD done
TAYW.SI: No timezone found, symbol may be delisted
TAYW done
TBEW.SI: No timezone found, symbol may be delisted
TBEW done
TCCW.SI: No timezone found, symbol may be delisted
TCCW done
TCHW.SI: No timezone found, symbol may be delisted
TCHW done
TCPD done
TCQW.SI: No timezone found, symbol may be delisted
TCQW done
TCU done
TEMB.SI: No timezone found, symbol may be delisted
TEMB done
TFXW.SI: No timezone found, symbol may be delisted
TFXW done
TGKW.SI: No timezone found, symbol may be delisted
TGKW done
TGMW.SI: No timezone found, symbol may be delisted
TGMW done
THBW.SI: No timezone found, symbol may be delisted
THBW done
TID done
TPED done
TQ5 done
TQQW.SI: No timezone found, symbol may be delisted
TQQW done
TQTW.SI: No timezone found, symbol may be delisted
TQTW done
TS0U done
TSGW.SI: No timezone found, symbol may be delisted
TSGW done
TSH done
TTTW.SI: No timezone found, symbol may be delisted
TTTW done
TVBW.SI: No timezone found, symbol may be delisted
TVBW done
TVV done
TWJW.SI: No timezone found, symbol may be delisted
TWJW done
TWL done
TWQW.SI: No timezone found, symbol may be delisted
TWQW done
TYTW.SI: No timezone found, symbol may be delisted
TYTW done
U06 done
U09 done
U10 done
U11 done
U13 done
U14 done
U77 done
U96 done
U9E done
UCHW.SI: No timezone found, symbol may be delisted
UCHW done
UD1U done
UD2 done
UDOW.SI: No timezone found, symbol may be delisted
UDOW done
UFDW.SI: No timezone found, symbol may be delisted
UFDW done
UFSW.SI: No timezone found, symbol may be delisted
UFSW done
UGNW.SI: No timezone found, symbol may be delisted
UGNW done
UIZW.SI: No timezone found, symbol may be delisted
UIZW done
ULDW.SI: No timezone found, symbol may be delisted
ULDW done
UORW.SI: No timezone found, symbol may be delisted
UORW done
UPRW.SI: No timezone found, symbol may be delisted
UPRW done
UQOW.SI: No timezone found, symbol may be delisted
UQOW done
URR done
USMW.SI: No timezone found, symbol may be delisted
USMW done
UUIW.SI: No timezone found, symbol may be delisted
UUIW done
UUK done
UV1 done
UYIW.SI: No timezone found, symbol may be delisted
UYIW done
V03 done
V0QW.SI: No timezone found, symbol may be delisted
V0QW done
V2Y done
V3M done
V6QW.SI: No timezone found, symbol may be delisted
V6QW done
V7AB.SI: No timezone found, symbol may be delisted
V7AB done
V7BB.SI: No timezone found, symbol may be delisted
V7BB done
V8Y done
V9TW.SI: No timezone found, symbol may be delisted
V9TW done
VA2W.SI: No timezone found, symbol may be delisted
VA2W done
VA5W.SI: No timezone found, symbol may be delisted
VA5W done
VAIW.SI: No timezone found, symbol may be delisted
VAIW done
VBEW.SI: No timezone found, symbol may be delisted
VBEW done
VBTW.SI: No timezone found, symbol may be delisted
VBTW done
VC2 done
VCZW.SI: No timezone found, symbol may be delisted
VCZW done
VFP done
VHCW.SI: No timezone found, symbol may be delisted
VHCW done
VHGW.SI: No timezone found, symbol may be delisted
VHGW done
VI2 done
VJ6W.SI: No timezone found, symbol may be delisted
VJ6W done
VJKW.SI: No timezone found, symbol may be delisted
VJKW done
VJLW.SI: No timezone found, symbol may be delisted
VJLW done
VLSW.SI: No timezone found, symbol may be delisted
VLSW done
VNBW.SI: No timezone found, symbol may be delisted
VNBW done
VND done
VNM done
VP6R.SI: Period '1mo' is invalid, must be one of ['1d', '5d']
VP6R done
VT2W.SI: No timezone found, symbol may be delisted
VT2W done
VT6W.SI: No timezone found, symbol may be delisted
VT6W done
VTVW.SI: No timezone found, symbol may be delisted
VTVW done
VUQW.SI: No timezone found, symbol may be delisted
VUQW done
VVL done
VXJW.SI: No timezone found, symbol may be delisted
VXJW done
VZVW.SI: No timezone found, symbol may be delisted
VZVW done
W05 done
W1XW.SI: No timezone found, symbol may be delisted
W1XW done
W4SW.SI: No timezone found, symbol may be delisted
W4SW done
W5UB.SI: No timezone found, symbol may be delisted
W5UB done
W6LW.SI: No timezone found, symbol may be delisted
W6LW done
W8PW.SI: No timezone found, symbol may be delisted
W8PW done
W9KW.SI: No timezone found, symbol may be delisted
W9KW done
WA9W.SI: No timezone found, symbol may be delisted
WA9W done
WB3W.SI: No timezone found, symbol may be delisted
WB3W done
WBQW.SI: No timezone found, symbol may be delisted
WBQW done
WCLW.SI: No timezone found, symbol may be delisted
WCLW done
WCQW.SI: No timezone found, symbol may be delisted
WCQW done
WDYW.SI: No timezone found, symbol may be delisted
WDYW done
WG2W.SI: No timezone found, symbol may be delisted
WG2W done
WG4W.SI: No timezone found, symbol may be delisted
WG4W done
WGX.SI: No timezone found, symbol may be delisted
WGX done
WIIW.SI: No timezone found, symbol may be delisted
WIIW done
WJP done
WKS done
WL2W.SI: No timezone found, symbol may be delisted
WL2W done
WL9W.SI: No timezone found, symbol may be delisted
WL9W done
WNLW.SI: No timezone found, symbol may be delisted
WNLW done
WOJW.SI: No timezone found, symbol may be delisted
WOJW done
WPBW.SI: No timezone found, symbol may be delisted
WPBW done
WPC done
WQBW.SI: No timezone found, symbol may be delisted
WQBW done
WRNW.SI: No timezone found, symbol may be delisted
WRNW done
WRYW.SI: No timezone found, symbol may be delisted
WRYW done
WTNW.SI: No timezone found, symbol may be delisted
WTNW done
WTZW.SI: No timezone found, symbol may be delisted
WTZW done
WV5W.SI: No timezone found, symbol may be delisted
WV5W done
WVJ done
WWHW.SI: No timezone found, symbol may be delisted
WWHW done
WXGW.SI: No timezone found, symbol may be delisted
WXGW done
WYBW.SI: No timezone found, symbol may be delisted
WYBW done
WZ2W.SI: No timezone found, symbol may be delisted
WZ2W done
X5HW.SI: No timezone found, symbol may be delisted
X5HW done
X8AW.SI: No timezone found, symbol may be delisted
X8AW done
XBFW.SI: No timezone found, symbol may be delisted
XBFW done
XBJW.SI: No timezone found, symbol may be delisted
XBJW done
XBNW.SI: No timezone found, symbol may be delisted
XBNW done
XC2W.SI: No timezone found, symbol may be delisted
XC2W done
XCF done
XEWW.SI: No timezone found, symbol may be delisted
XEWW done
XIRW.SI: No timezone found, symbol may be delisted
XIRW done
XJB done
XKJW.SI: No timezone found, symbol may be delisted
XKJW done
XMDW.SI: No timezone found, symbol may be delisted
XMDW done
XOHW.SI: No timezone found, symbol may be delisted
XOHW done
XPCW.SI: No timezone found, symbol may be delisted
XPCW done
XR6W.SI: No timezone found, symbol may be delisted
XR6W done
XVG done
XWA done
XWEW.SI: No timezone found, symbol may be delisted
XWEW done
XXIW.SI: No timezone found, symbol may be delisted
XXIW done
XYUW.SI: No timezone found, symbol may be delisted
XYUW done
XZL done
Y03 done
Y06 done
Y1WW.SI: No timezone found, symbol may be delisted
Y1WW done
Y35 done
Y3D done
Y45 done
Y5AW.SI: No timezone found, symbol may be delisted
Y5AW done
Y6OB.SI: No timezone found, symbol may be delisted
Y6OB done
Y8E done
Y92 done
YB5W.SI: No timezone found, symbol may be delisted
YB5W done
YCPW.SI: No timezone found, symbol may be delisted
YCPW done
YF8 done
YIHW.SI: No timezone found, symbol may be delisted
YIHW done
YIQW.SI: No timezone found, symbol may be delisted
YIQW done
YJZW.SI: No timezone found, symbol may be delisted
YJZW done
YK9 done
YM4W.SI: No timezone found, symbol may be delisted
YM4W done
YMAW.SI: No timezone found, symbol may be delisted
YMAW done
YQ7B.SI: No timezone found, symbol may be delisted
YQ7B done
YRCW.SI: No timezone found, symbol may be delisted
YRCW done
YS5W.SI: No timezone found, symbol may be delisted
YS5W done
YT4W.SI: No timezone found, symbol may be delisted
YT4W done
YTTW.SI: No timezone found, symbol may be delisted
YTTW done
YYB done
YYN done
YYR done
YYY done
YZEW.SI: No timezone found, symbol may be delisted
YZEW done
Z25 done
Z4D done
Z59 done
Z5MW.SI: No timezone found, symbol may be delisted
Z5MW done
Z74 done
Z77 done
ZA7W.SI: No timezone found, symbol may be delisted
ZA7W done
ZCIW.SI: No timezone found, symbol may be delisted
ZCIW done
ZCLW.SI: No timezone found, symbol may be delisted
ZCLW done
ZE9W.SI: No timezone found, symbol may be delisted
ZE9W done
ZFGS.SI: No timezone found, symbol may be delisted
ZFGS done
ZHD done
ZHS done
ZHXW.SI: No timezone found, symbol may be delisted
ZHXW done
ZHY done
ZKX done
ZL1W.SI: No timezone found, symbol may be delisted
ZL1W done
ZL8S.SI: No timezone found, symbol may be delisted
ZL8S done
ZS6W.SI: No timezone found, symbol may be delisted
ZS6W done
ZSZW.SI: No timezone found, symbol may be delisted
ZSZW done
ZTQW.SI: No timezone found, symbol may be delisted
ZTQW done
ZWAW.SI: No timezone found, symbol may be delisted
ZWAW done
ZXY done
ZYLW.SI: No timezone found, symbol may be delisted
ZYLW done
i06 done
i07 done
i11 done
i15 done
i49 done
